Case #1:
0
0
1
0
1
Case #2:
2
0
0
0
1
0
1
Case #3:
1
0
0
3
4
1
1
1
0
5
1
0
2
1
0
Case #4:
0
0
Case #5:
0
0
1
2
0
1
2
1
2
1
Case #6:
0
1
1
1
3
0
1
1
0
1
1
2
0
1
5
Case #7:
3
2
1
0
3
0
3
1
4
0
0
1
0
2
1
Case #8:
1
1
1
1
0
0
1
1
0
Case #9:
0
0
0
0
0
0
0
0
0
0
0
Case #10:
0
0
0
0
1
Case #11:
0
0
0
0
0
0
0
Case #12:
0
0
0
0
Case #13:
0
0
0
1
2
1
1
0
2
Case #14:
1
0
0
2
3
2
1
1
0
0
1
0
1
1
1
Case #15:
0
0
0
0
0
0
0
0
0
0
0
0
0
Case #16:
0
0
0
Case #17:
0
1
4
1
0
1
3
0
2
1
0
3
2
1
0
Case #18:
1
0
0
0
2
4
1
1
2
0
2
5
0
0
3
Case #19:
0
Case #20:
0
1
1
0
0
3
1
1
1
2
1
2
1
0
Case #21:
0
0
0
Case #22:
0
1
1
3
0
0
0
2
2
1
0
1
0
2
2
Case #23:
0
Case #24:
0
0
0
1
0
Case #25:
0
0
1
1
0
1
5
1
0
3
1
1
2
1
3
Case #26:
3
0
4
2
1
0
0
1
1
5
1
3
1
0
0
Case #27:
2
0
1
0
0
0
0
0
0
1
2
Case #28:
0
3
1
0
1
1
0
1
1
1
0
4
0
Case #29:
2
3
0
0
1
1
2
0
0
1
1
3
3
1
Case #30:
2
0
0
1
0
3
0
2
2
2
0
1
1
1
4
Case #31:
0
2
1
3
2
0
4
4
1
1
0
0
0
3
Case #32:
0
1
1
0
2
2
0
0
0
Case #33:
1
0
0
2
2
0
0
1
0
0
1
0
Case #34:
0
1
0
2
3
1
0
3
2
1
3
2
0
4
0
Case #35:
3
1
4
0
2
1
2
3
1
1
0
0
3
4
0
Case #36:
1
2
0
3
1
2
0
0
0
2
0
2
5
1
3
Case #37:
1
4
0
0
1
0
1
1
0
2
0
1
1
2
1
Case #38:
0
0
0
0
1
1
0
0
0
0
2
0
1
0
Case #39:
2
1
1
1
0
2
5
1
0
2
0
0
2
0
0
Case #40:
0
0
0
Case #41:
0
1
1
1
1
1
1
2
0
1
1
0
0
Case #42:
0
0
0
0
0
0
0
0
0
0
0
Case #43:
0
0
0
0
0
0
0
0
0
0
0
0
Case #44:
1
0
2
3
2
0
2
0
3
1
2
0
0
0
5
Case #45:
1
0
0
0
0
3
0
1
0
Case #46:
0
0
0
0
0
0
0
Case #47:
2
1
0
0
1
1
0
1
0
Case #48:
0
1
0
1
1
1
1
0
Case #49:
0
Case #50:
1
0
0
1
1
0
1
1
Case #51:
0
0
0
0
Case #52:
0
0
0
0
0
0
1
1
0
3
3
1
Case #53:
0
1
0
1
0
0
Case #54:
0
0
0
0
0
0
0
0
0
0
Case #55:
1
0
0
1
0
0
0
0
0
Case #56:
1
0
2
3
2
0
1
2
1
2
3
0
1
4
Case #57:
1
0
1
1
5
1
0
2
1
3
0
1
0
1
2
Case #58:
0
0
0
0
0
0
0
0
0
Case #59:
1
0
1
1
0
1
4
2
2
0
1
0
1
Case #60:
1
0
0
2
1
0
5
0
0
3
0
0
2
2
0
Case #61:
1
0
0
2
0
2
0
3
0
0
1
1
3
3
2
Case #62:
0
1
0
2
1
1
0
1
1
Case #63:
0
1
0
0
1
Case #64:
0
1
0
1
1
2
0
1
0
3
5
1
4
3
Case #65:
1
0
0
0
3
1
0
1
2
1
2
0
Case #66:
0
0
0
0
0
0
0
0
0
0
0
0
0
0
0
Case #67:
0
0
Case #68:
0
0
0
0
0
0
0
0
0
0
0
0
0
0
Case #69:
0
0
0
0
0
0
0
0
Case #70:
0
Case #71:
0
0
0
0
0
0
0
0
0
Case #72:
0
1
2
1
0
0
1
0
0
0
3
2
Case #73:
0
1
0
2
0
0
0
1
4
0
0
1
4
0
Case #74:
0
0
0
0
0
0
0
Case #75:
0
0
0
0
0
0
0
0
0
0
Case #76:
0
0
0
0
0
0
0
0
0
0
0
Case #77:
0
3
1
0
1
3
0
1
5
1
0
1
1
0
3
Case #78:
1
0
0
0
0
0
2
1
Case #79:
0
0
Case #80:
2
0
1
1
0
1
0
Case #81:
1
3
0
1
1
1
0
2
1
1
0
1
3
3
0
Case #82:
0
3
0
1
2
2
0
2
0
1
0
3
0
3
1
Case #83:
1
1
1
0
1
0
0
0
0
Case #84:
0
0
0
Case #85:
0
0
0
Case #86:
1
1
1
2
0
2
3
4
0
0
0
3
1
0
2
Case #87:
0
0
0
0
0
0
0
0
0
Case #88:
0
1
0
0
0
0
0
0
2
0
Case #89:
0
3
1
0
1
0
5
0
1
5
3
3
2
0
0
Case #90:
3
0
1
1
1
3
0
0
1
3
3
0
1
0
2
Case #91:
0
0
0
1
5
2
0
0
1
1
1
3
1
0
2
Case #92:
1
1
1
0
0
0
Case #93:
0
0
Case #94:
0
1
1
1
1
1
0
0
Case #95:
1
2
1
0
1
2
0
2
0
2
0
Case #96:
1
1
0
0
1
1
2
0
0
0
Case #97:
0
0
0
0
0
0
0
0
0
0
0
0
0
0
Case #98:
1
0
0
1
0
1
0
1
0
Case #99:
1
0
0
0
Case #100:
0
0
0
0
0
0
0
0
0
0
0
0
